<?xml version="1.0" encoding="UTF-8"?>
<!-- Generated by org.testng.reporters.JUnitReportReporter -->
<testsuite hostname="DESKTOP-OEKIA9R" name="com.qa.hubspot.tests.HomePageTest" tests="1" failures="0" timestamp="23 Jul 2019 16:41:06 GMT" time="16.616" errors="0">
  <testcase name="verifygoogleSignIn" time="16.616" classname="com.qa.hubspot.tests.HomePageTest"/>
</testsuite> <!-- com.qa.hubspot.tests.HomePageTest -->
